:Corrupted Data: Citizen: 2094741290 - unexisting nationality
:Corrupted Data: Citizen: 2094741290 - corrupted date
:RepeatedUser: The user 279105571 is already on the database.
:Corrupted Data: Citizen: 1796869608 - unexisting nationality
:Corrupted Data: Citizen: 1796869608 - corrupted date
:Corrupted Data: Citizen: 1105995115 - unexisting nationality
:Corrupted Data: Citizen: 1105995115 - corrupted date
:RepeatedUser: The user 808416314 is already on the database.
:Corrupted Data: Citizen: 44663227 - corrupted date
:Corrupted Data:Citizen: 1176245303 - unexisting name
:Corrupted Data: Citizen: 2014575830 - unexisting NIF
:Corrupted Data: Citizen: 1720410406 - unexisting address
:Corrupted Data: Citizen: 685867029 - unexisting polling station code
:Corrupted Data: Citizen: 242914450 - unexisting email
:RepeatedUser: The user 675454312 is already on the database.
:Corrupted Data: Citizen: 1768434887 - unexisting lastname
:Corrupted Data: Citizen: 1415045789 - unexisting nationality
:Corrupted Data: Citizen: 545484342 - unexisting nationality
:Corrupted Data: Citizen: 545484342 - corrupted date
:RepeatedUser: The user 279105571 is already on the database.
:Corrupted Data: Citizen: 1479808785 - unexisting nationality
:Corrupted Data: Citizen: 1479808785 - corrupted date
:Corrupted Data: Citizen: 529441154 - unexisting nationality
:Corrupted Data: Citizen: 529441154 - corrupted date
:RepeatedUser: The user 808416314 is already on the database.
:Corrupted Data: Citizen: 1844977334 - corrupted date
:Corrupted Data:Citizen: 1480968030 - unexisting name
:Corrupted Data: Citizen: 468797393 - unexisting NIF
:Corrupted Data: Citizen: 237871695 - unexisting address
:Corrupted Data: Citizen: 596447378 - unexisting polling station code
:Corrupted Data: Citizen: 1434737802 - unexisting email
:RepeatedUser: The user 675454312 is already on the database.
:Corrupted Data: Citizen: 1146770980 - unexisting lastname
:Corrupted Data: Citizen: 663141178 - unexisting nationality
:Corrupted Data: Citizen: 545484342 - unexisting nationality
:Corrupted Data: Citizen: 545484342 - corrupted date
:RepeatedUser: The user 279105571 is already on the database.
:Corrupted Data: Citizen: 1479808785 - unexisting nationality
:Corrupted Data: Citizen: 1479808785 - corrupted date
:Corrupted Data: Citizen: 529441154 - unexisting nationality
:Corrupted Data: Citizen: 529441154 - corrupted date
:RepeatedUser: The user 808416314 is already on the database.
:Corrupted Data: Citizen: 1971721018 - corrupted date
:Corrupted Data:Citizen: 1352208218 - unexisting name
:Corrupted Data: Citizen: 401271027 - unexisting NIF
:Corrupted Data: Citizen: 845622486 - unexisting address
:Corrupted Data: Citizen: 2000549475 - unexisting polling station code
:Corrupted Data: Citizen: 1875297281 - unexisting email
:RepeatedUser: The user 675454312 is already on the database.
:Corrupted Data: Citizen: 791352442 - unexisting lastname
:Corrupted Data: Citizen: 606178517 - unexisting nationality
